<?xml version="1.0" encoding="UTF-8"?>
<!-- Generated by org.testng.reporters.JUnitXMLReporter -->
<testsuite ignored="5" hostname="LAPTOP-LCTGBR4C" failures="0" tests="4" name="MyTest" time="0.152" errors="0" timestamp="2024-01-05T20:33:07 IST">
  <testcase classname="testng.BasicTestNG" name="testCase01" time="0.018"/>
  <testcase classname="testng.BasicAnnotation" name="testCase05" time="0.003"/>
  <testcase classname="testng.BasicAnnotation" name="testCase07" time="0.005"/>
  <testcase classname="testng.BeforeAfterMethod" name="testCase01" time="0.003"/>
  <testcase classname="testng.BeforeAfterMethod" name="testCase02" time="0.0">
    <ignored/>
  </testcase> <!-- testCase02 -->
  <testcase classname="testng.BeforeAfterMethod" name="testCase03" time="0.0">
    <ignored/>
  </testcase> <!-- testCase03 -->
  <testcase classname="testng.BasicAnnotation" name="testCase04" time="0.0">
    <ignored/>
  </testcase> <!-- testCase04 -->
  <testcase classname="testng.BasicAnnotation" name="testCase02" time="0.0">
    <ignored/>
  </testcase> <!-- testCase02 -->
  <testcase classname="testng.BasicAnnotation" name="testCase03" time="0.0">
    <ignored/>
  </testcase> <!-- testCase03 -->
</testsuite> <!-- MyTest -->
