<?xml version="1.0" encoding="UTF-8"?>
<!-- Generated by org.testng.reporters.JUnitXMLReporter -->
<testsuite ignored="1" hostname="LAPTOP-LCTGBR4C" failures="0" tests="8" name="MyTest" time="0.199" errors="0" timestamp="2024-01-04T21:26:20 IST">
  <testcase classname="testng.BasicTestNG" name="testCase01" time="0.012"/>
  <testcase classname="testng.BasicAnnotation" name="testCase05" time="0.003"/>
  <testcase classname="testng.BasicAnnotation" name="testCase07" time="0.001"/>
  <testcase classname="testng.BasicAnnotation" name="testCase02" time="0.001"/>
  <testcase classname="testng.BasicAnnotation" name="testCase03" time="0.002"/>
  <testcase classname="testng.BeforeAfterMethod" name="testCase01" time="0.015"/>
  <testcase classname="testng.BeforeAfterMethod" name="testCase02" time="0.006"/>
  <testcase classname="testng.BeforeAfterMethod" name="testCase03" time="0.002"/>
  <testcase classname="testng.BasicAnnotation" name="testCase04" time="0.0">
    <ignored/>
  </testcase> <!-- testCase04 -->
</testsuite> <!-- MyTest -->
