<?xml version="1.0" encoding="UTF-8"?>
<testng-results ignored="0" total="1" passed="1" failed="0" skipped="0">
  <reporter-output>
  </reporter-output>
  <suite started-at="2024-01-23T19:41:55 IST" name="Default suite" finished-at="2024-01-23T19:42:00 IST" duration-ms="4989">
    <groups>
    </groups>
    <test started-at="2024-01-23T19:41:55 IST" name="Default test" finished-at="2024-01-23T19:42:00 IST" duration-ms="4989">
      <class name="testng.ScrollTest">
        <test-method signature="scrollTest()[pri:0, instance:testng.ScrollTest@6069db50]" started-at="2024-01-23T19:41:55 IST" name="scrollTest" finished-at="2024-01-23T19:42:00 IST" duration-ms="4890" status="PASS">
          <reporter-output>
          </reporter-output>
        </test-method> <!-- scrollTest -->
      </class> <!-- testng.ScrollTest -->
    </test> <!-- Default test -->
  </suite> <!-- Default suite -->
</testng-results>
